<?xml version="1.0" encoding="UTF-8" ?>
<testsuite failures="0" time="0.323" errors="0" skipped="0" tests="7" name="com.julien.codility.TestDemo">
  <properties>
[...]
</properties>
  <testcase time="0.007" classname="com.julien.codility.TestDemo" name="testDemoArrayWithIndexEquiPositionThree"/>
  <testcase time="0" classname="com.julien.codility.TestDemo" name="testDemoArrayWithIndexEquiBeforeLastPosition"/>
  <testcase time="0" classname="com.julien.codility.TestDemo" name="testDemoArrayWithIndexEquiLastPosition"/>
  <testcase time="0" classname="com.julien.codility.TestDemo" name="testDemoArrayWithIndexEquiSecondPosition"/>
  <testcase time="0" classname="com.julien.codility.TestDemo" name="testDemoArrayWithIndexEquiFirstPosition"/>
  <testcase time="0" classname="com.julien.codility.TestDemo" name="testDemoEmptyArray"/>
  <testcase time="0" classname="com.julien.codility.TestDemo" name="testDemoArrayWithoutIndexEqui"/>
</testsuite>